mode: set
github.com/tonyhuang07/web-server/go-web/clase04/internal/products/repository.go:33.47,37.2 1 1
github.com/tonyhuang07/web-server/go-web/clase04/internal/products/repository.go:39.113,42.16 3 0
github.com/tonyhuang07/web-server/go-web/clase04/internal/products/repository.go:45.2,54.48 3 0
github.com/tonyhuang07/web-server/go-web/clase04/internal/products/repository.go:58.2,58.21 1 0
github.com/tonyhuang07/web-server/go-web/clase04/internal/products/repository.go:42.16,44.3 1 0
github.com/tonyhuang07/web-server/go-web/clase04/internal/products/repository.go:54.48,56.3 1 0
github.com/tonyhuang07/web-server/go-web/clase04/internal/products/repository.go:61.47,64.16 3 0
github.com/tonyhuang07/web-server/go-web/clase04/internal/products/repository.go:67.2,67.24 1 0
github.com/tonyhuang07/web-server/go-web/clase04/internal/products/repository.go:70.2,70.42 1 0
github.com/tonyhuang07/web-server/go-web/clase04/internal/products/repository.go:64.16,66.3 1 0
github.com/tonyhuang07/web-server/go-web/clase04/internal/products/repository.go:67.24,69.3 1 0
github.com/tonyhuang07/web-server/go-web/clase04/internal/products/repository.go:73.53,76.16 3 1
github.com/tonyhuang07/web-server/go-web/clase04/internal/products/repository.go:79.2,79.22 1 1
github.com/tonyhuang07/web-server/go-web/clase04/internal/products/repository.go:76.16,78.3 1 0
github.com/tonyhuang07/web-server/go-web/clase04/internal/products/repository.go:82.114,90.26 2 0
github.com/tonyhuang07/web-server/go-web/clase04/internal/products/repository.go:97.2,97.66 1 0
github.com/tonyhuang07/web-server/go-web/clase04/internal/products/repository.go:90.26,91.27 1 0
github.com/tonyhuang07/web-server/go-web/clase04/internal/products/repository.go:91.27,95.4 3 0
github.com/tonyhuang07/web-server/go-web/clase04/internal/products/repository.go:100.46,101.26 1 0
github.com/tonyhuang07/web-server/go-web/clase04/internal/products/repository.go:107.2,107.55 1 0
github.com/tonyhuang07/web-server/go-web/clase04/internal/products/repository.go:101.26,102.27 1 0
github.com/tonyhuang07/web-server/go-web/clase04/internal/products/repository.go:102.27,105.4 2 0
github.com/tonyhuang07/web-server/go-web/clase04/internal/products/repository.go:110.77,111.26 1 0
github.com/tonyhuang07/web-server/go-web/clase04/internal/products/repository.go:117.2,117.66 1 0
github.com/tonyhuang07/web-server/go-web/clase04/internal/products/repository.go:111.26,112.27 1 0
github.com/tonyhuang07/web-server/go-web/clase04/internal/products/repository.go:112.27,115.4 2 0
github.com/tonyhuang07/web-server/go-web/clase04/internal/products/repository.go:120.74,123.16 3 1
github.com/tonyhuang07/web-server/go-web/clase04/internal/products/repository.go:126.2,126.26 1 1
github.com/tonyhuang07/web-server/go-web/clase04/internal/products/repository.go:132.2,132.66 1 0
github.com/tonyhuang07/web-server/go-web/clase04/internal/products/repository.go:123.16,125.3 1 0
github.com/tonyhuang07/web-server/go-web/clase04/internal/products/repository.go:126.26,127.27 1 1
github.com/tonyhuang07/web-server/go-web/clase04/internal/products/repository.go:127.27,130.4 2 1
github.com/tonyhuang07/web-server/go-web/clase04/internal/products/service.go:15.48,17.2 1 0
github.com/tonyhuang07/web-server/go-web/clase04/internal/products/service.go:19.99,21.16 2 0
github.com/tonyhuang07/web-server/go-web/clase04/internal/products/service.go:24.2,26.16 3 0
github.com/tonyhuang07/web-server/go-web/clase04/internal/products/service.go:30.2,30.21 1 0
github.com/tonyhuang07/web-server/go-web/clase04/internal/products/service.go:21.16,23.3 1 0
github.com/tonyhuang07/web-server/go-web/clase04/internal/products/service.go:26.16,28.3 1 0
github.com/tonyhuang07/web-server/go-web/clase04/internal/products/service.go:33.47,35.16 2 0
github.com/tonyhuang07/web-server/go-web/clase04/internal/products/service.go:39.2,39.22 1 0
github.com/tonyhuang07/web-server/go-web/clase04/internal/products/service.go:35.16,37.3 1 0
github.com/tonyhuang07/web-server/go-web/clase04/internal/products/service.go:42.108,44.2 1 0
github.com/tonyhuang07/web-server/go-web/clase04/internal/products/service.go:46.40,48.2 1 0
github.com/tonyhuang07/web-server/go-web/clase04/internal/products/service.go:50.71,52.2 1 0
